<?xml version="1.0" encoding="ISO-8859-1"?>
<trace:TraceModel xmi:version="2.0" xmlns:xmi="http://www.omg.org/XMI" xmlns:trace="http://www.eclipse.org/gmf/2006/Trace">
  <nodeTraces visualID="2001" queryText="(let _eClass_:ecore::EClass = modelFacet.metaClass.ecoreClass in _eClass_.ePackage.nsURI = 'http://ASD' and _eClass_.name = 'InfoTypeImported') and (let _containmentMF_:ecore::EStructuralFeature = modelFacet.containmentMetaFeature.ecoreFeature in (let _eClass_:ecore::EClass = _containmentMF_.eContainingClass in _eClass_.ePackage.nsURI = 'http://ASD' and _eClass_.name = 'ServiceDescription') and _containmentMF_.name = 'infotypes')">
    <nodeLabelTraces visualID="5015" queryText="true"/>
    <nodeLabelTraces visualID="5016" queryText="true"/>
    <nodeLabelTraces visualID="5017" queryText="true"/>
    <nodeLabelTraces visualID="5018" queryText="true"/>
    <nodeLabelTraces visualID="5019" queryText="true"/>
    <nodeLabelTraces visualID="5020" queryText="true"/>
    <compartmentTraces visualID="7001" queryText="true"/>
    <compartmentTraces visualID="7002" queryText="true"/>
  </nodeTraces>
  <nodeTraces visualID="2002" queryText="(let _eClass_:ecore::EClass = modelFacet.metaClass.ecoreClass in _eClass_.ePackage.nsURI = 'http://ASD' and _eClass_.name = 'Operation') and (let _containmentMF_:ecore::EStructuralFeature = modelFacet.containmentMetaFeature.ecoreFeature in (let _eClass_:ecore::EClass = _containmentMF_.eContainingClass in _eClass_.ePackage.nsURI = 'http://ASD' and _eClass_.name = 'ServiceDescription') and _containmentMF_.name = 'operations')">
    <nodeLabelTraces visualID="5025" queryText="true"/>
    <nodeLabelTraces visualID="5026" queryText="true"/>
    <nodeLabelTraces visualID="5027" queryText="true"/>
    <compartmentTraces visualID="7007" queryText="true"/>
    <compartmentTraces visualID="7008" queryText="true"/>
  </nodeTraces>
  <nodeTraces visualID="2003" queryText="(let _eClass_:ecore::EClass = modelFacet.metaClass.ecoreClass in _eClass_.ePackage.nsURI = 'http://ASD' and _eClass_.name = 'InfoType') and (let _containmentMF_:ecore::EStructuralFeature = modelFacet.containmentMetaFeature.ecoreFeature in (let _eClass_:ecore::EClass = _containmentMF_.eContainingClass in _eClass_.ePackage.nsURI = 'http://ASD' and _eClass_.name = 'ServiceDescription') and _containmentMF_.name = 'infotypes')">
    <nodeLabelTraces visualID="5028" queryText="true"/>
    <nodeLabelTraces visualID="5029" queryText="true"/>
    <nodeLabelTraces visualID="5030" queryText="true"/>
    <nodeLabelTraces visualID="5031" queryText="true"/>
    <nodeLabelTraces visualID="5032" queryText="true"/>
    <compartmentTraces visualID="7010" queryText="true"/>
    <compartmentTraces visualID="7011" queryText="true"/>
  </nodeTraces>
  <nodeTraces visualID="2004" queryText="(let _eClass_:ecore::EClass = modelFacet.metaClass.ecoreClass in _eClass_.ePackage.nsURI = 'http://ASD' and _eClass_.name = 'Profile') and (let _containmentMF_:ecore::EStructuralFeature = modelFacet.containmentMetaFeature.ecoreFeature in (let _eClass_:ecore::EClass = _containmentMF_.eContainingClass in _eClass_.ePackage.nsURI = 'http://ASD' and _eClass_.name = 'ServiceDescription') and _containmentMF_.name = 'profiles')">
    <nodeLabelTraces visualID="5045" queryText="true"/>
    <nodeLabelTraces visualID="5046" queryText="true"/>
    <compartmentTraces visualID="7012" queryText="true"/>
    <compartmentTraces visualID="7013" queryText="true"/>
  </nodeTraces>
  <nodeTraces visualID="2005" queryText="(let _eClass_:ecore::EClass = modelFacet.metaClass.ecoreClass in _eClass_.ePackage.nsURI = 'http://ASD' and _eClass_.name = 'Annotation') and (let _containmentMF_:ecore::EStructuralFeature = modelFacet.containmentMetaFeature.ecoreFeature in (let _eClass_:ecore::EClass = _containmentMF_.eContainingClass in _eClass_.ePackage.nsURI = 'http://ASD' and _eClass_.name = 'NamedElement') and _containmentMF_.name = 'annotations')">
    <nodeLabelTraces visualID="5047" queryText="true"/>
    <nodeLabelTraces visualID="5048" queryText="true"/>
    <nodeLabelTraces visualID="5049" queryText="true"/>
  </nodeTraces>
  <childNodeTraces visualID="3001" queryText="(let _eClass_:ecore::EClass = modelFacet.metaClass.ecoreClass in _eClass_.ePackage.nsURI = 'http://ASD' and _eClass_.name = 'InfoTypeImported') and (let _containmentMF_:ecore::EStructuralFeature = modelFacet.containmentMetaFeature.ecoreFeature in (let _eClass_:ecore::EClass = _containmentMF_.eContainingClass in _eClass_.ePackage.nsURI = 'http://ASD' and _eClass_.name = 'InfoType') and _containmentMF_.name = 'infoType')">
    <nodeLabelTraces visualID="5009" queryText="true"/>
    <nodeLabelTraces visualID="5010" queryText="true"/>
    <nodeLabelTraces visualID="5011" queryText="true"/>
    <nodeLabelTraces visualID="5012" queryText="true"/>
    <nodeLabelTraces visualID="5013" queryText="true"/>
    <nodeLabelTraces visualID="5014" queryText="true"/>
    <compartmentTraces visualID="7003" queryText="true"/>
    <compartmentTraces visualID="7004" queryText="true"/>
  </childNodeTraces>
  <childNodeTraces visualID="3002" queryText="(let _eClass_:ecore::EClass = modelFacet.metaClass.ecoreClass in _eClass_.ePackage.nsURI = 'http://ASD' and _eClass_.name = 'InfoType') and (let _containmentMF_:ecore::EStructuralFeature = modelFacet.containmentMetaFeature.ecoreFeature in (let _eClass_:ecore::EClass = _containmentMF_.eContainingClass in _eClass_.ePackage.nsURI = 'http://ASD' and _eClass_.name = 'InfoType') and _containmentMF_.name = 'infoType')">
    <nodeLabelTraces visualID="5004" queryText="true"/>
    <nodeLabelTraces visualID="5005" queryText="true"/>
    <nodeLabelTraces visualID="5006" queryText="true"/>
    <nodeLabelTraces visualID="5007" queryText="true"/>
    <nodeLabelTraces visualID="5008" queryText="true"/>
    <compartmentTraces visualID="7005" queryText="true"/>
    <compartmentTraces visualID="7006" queryText="true"/>
  </childNodeTraces>
  <childNodeTraces visualID="3003" queryText="(let _eClass_:ecore::EClass = modelFacet.metaClass.ecoreClass in _eClass_.ePackage.nsURI = 'http://ASD' and _eClass_.name = 'Annotation') and (let _containmentMF_:ecore::EStructuralFeature = modelFacet.containmentMetaFeature.ecoreFeature in (let _eClass_:ecore::EClass = _containmentMF_.eContainingClass in _eClass_.ePackage.nsURI = 'http://ASD' and _eClass_.name = 'NamedElement') and _containmentMF_.name = 'annotations')">
    <nodeLabelTraces visualID="5001" queryText="true"/>
    <nodeLabelTraces visualID="5002" queryText="true"/>
    <nodeLabelTraces visualID="5003" queryText="true"/>
  </childNodeTraces>
  <childNodeTraces visualID="3004" queryText="(let _eClass_:ecore::EClass = modelFacet.metaClass.ecoreClass in _eClass_.ePackage.nsURI = 'http://ASD' and _eClass_.name = 'Message') and (let _containmentMF_:ecore::EStructuralFeature = modelFacet.containmentMetaFeature.ecoreFeature in (let _eClass_:ecore::EClass = _containmentMF_.eContainingClass in _eClass_.ePackage.nsURI = 'http://ASD' and _eClass_.name = 'Operation') and _containmentMF_.name = 'contents')">
    <nodeLabelTraces visualID="5021" queryText="true"/>
    <nodeLabelTraces visualID="5022" queryText="true"/>
    <nodeLabelTraces visualID="5023" queryText="true"/>
    <nodeLabelTraces visualID="5024" queryText="true"/>
    <compartmentTraces visualID="7009" queryText="true"/>
  </childNodeTraces>
  <childNodeTraces visualID="3005" queryText="(let _eClass_:ecore::EClass = modelFacet.metaClass.ecoreClass in _eClass_.ePackage.nsURI = 'http://ASD' and _eClass_.name = 'AssertionSet') and (let _containmentMF_:ecore::EStructuralFeature = modelFacet.containmentMetaFeature.ecoreFeature in (let _eClass_:ecore::EClass = _containmentMF_.eContainingClass in _eClass_.ePackage.nsURI = 'http://ASD' and _eClass_.name = 'Profile') and _containmentMF_.name = 'sets')">
    <nodeLabelTraces visualID="5042" queryText="true"/>
    <nodeLabelTraces visualID="5043" queryText="true"/>
    <nodeLabelTraces visualID="5044" queryText="true"/>
    <compartmentTraces visualID="7014" queryText="true"/>
    <compartmentTraces visualID="7015" queryText="true"/>
  </childNodeTraces>
  <childNodeTraces visualID="3006" queryText="(let _eClass_:ecore::EClass = modelFacet.metaClass.ecoreClass in _eClass_.ePackage.nsURI = 'http://ASD' and _eClass_.name = 'Assertion') and (let _containmentMF_:ecore::EStructuralFeature = modelFacet.containmentMetaFeature.ecoreFeature in (let _eClass_:ecore::EClass = _containmentMF_.eContainingClass in _eClass_.ePackage.nsURI = 'http://ASD' and _eClass_.name = 'AssertionSet') and _containmentMF_.name = 'assertions')">
    <nodeLabelTraces visualID="5033" queryText="true"/>
    <nodeLabelTraces visualID="5034" queryText="true"/>
    <nodeLabelTraces visualID="5035" queryText="true"/>
    <nodeLabelTraces visualID="5036" queryText="true"/>
    <nodeLabelTraces visualID="5037" queryText="true"/>
    <nodeLabelTraces visualID="5038" queryText="true"/>
    <nodeLabelTraces visualID="5039" queryText="true"/>
    <nodeLabelTraces visualID="5040" queryText="true"/>
    <nodeLabelTraces visualID="5041" queryText="true"/>
    <compartmentTraces visualID="7016" queryText="true"/>
  </childNodeTraces>
  <linkTraces visualID="4001" queryText="modelFacet.oclIsKindOf(gmfgen::FeatureLinkModelFacet) and (let _feature_:ecore::EStructuralFeature = modelFacet.oclAsType(gmfgen::FeatureLinkModelFacet).metaFeature.ecoreFeature in (let _eClass_:ecore::EClass = _feature_.eContainingClass in _eClass_.ePackage.nsURI = 'http://ASD' and _eClass_.name = 'Message') and _feature_.name = 'infoType')">
    <linkLabelTraces visualID="6001" queryText="true"/>
  </linkTraces>
  <linkTraces visualID="4002" queryText="modelFacet.oclIsKindOf(gmfgen::FeatureLinkModelFacet) and (let _feature_:ecore::EStructuralFeature = modelFacet.oclAsType(gmfgen::FeatureLinkModelFacet).metaFeature.ecoreFeature in (let _eClass_:ecore::EClass = _feature_.eContainingClass in _eClass_.ePackage.nsURI = 'http://ASD' and _eClass_.name = 'InfoType') and _feature_.name = 'ref')">
    <linkLabelTraces visualID="6002" queryText="true"/>
  </linkTraces>
  <linkTraces visualID="4003" queryText="modelFacet.oclIsKindOf(gmfgen::FeatureLinkModelFacet) and (let _feature_:ecore::EStructuralFeature = modelFacet.oclAsType(gmfgen::FeatureLinkModelFacet).metaFeature.ecoreFeature in (let _eClass_:ecore::EClass = _feature_.eContainingClass in _eClass_.ePackage.nsURI = 'http://ASD' and _eClass_.name = 'Profile') and _feature_.name = 'refers')">
    <linkLabelTraces visualID="6003" queryText="true"/>
  </linkTraces>
</trace:TraceModel>
